c:\users\iet-1260\source\repos\coffee_machine\coffee_machine\x64\debug\vc143.pdb
c:\users\iet-1260\source\repos\coffee_machine\coffee_machine\x64\debug\vc143.idb
c:\users\iet-1260\source\repos\coffee_machine\coffee_machine\x64\debug\sensor_status.obj
c:\users\iet-1260\source\repos\coffee_machine\coffee_machine\x64\debug\sensor.obj
c:\users\iet-1260\source\repos\coffee_machine\coffee_machine\x64\debug\scheduler.obj
c:\users\iet-1260\source\repos\coffee_machine\coffee_machine\x64\debug\monitor.obj
c:\users\iet-1260\source\repos\coffee_machine\coffee_machine\x64\debug\controller.obj
c:\users\iet-1260\source\repos\coffee_machine\coffee_machine\x64\debug\consumer_simulator.obj
c:\users\iet-1260\source\repos\coffee_machine\coffee_machine\x64\debug\coffee_machine.obj
c:\users\iet-1260\source\repos\coffee_machine\coffee_machine\x64\debug\actuator.obj
c:\users\iet-1260\source\repos\coffee_machine\coffee_machine\x64\debug\coffee_machine.ilk
c:\users\iet-1260\source\repos\coffee_machine\x64\debug\coffee_machine.exe
c:\users\iet-1260\source\repos\coffee_machine\x64\debug\coffee_machine.pdb
c:\users\iet-1260\source\repos\coffee_machine\coffee_machine\x64\debug\coffee_machine.tlog\cl.command.1.tlog
c:\users\iet-1260\source\repos\coffee_machine\coffee_machine\x64\debug\coffee_machine.tlog\cl.items.tlog
c:\users\iet-1260\source\repos\coffee_machine\coffee_machine\x64\debug\coffee_machine.tlog\cl.read.1.tlog
c:\users\iet-1260\source\repos\coffee_machine\coffee_machine\x64\debug\coffee_machine.tlog\cl.write.1.tlog
c:\users\iet-1260\source\repos\coffee_machine\coffee_machine\x64\debug\coffee_machine.tlog\link.command.1.tlog
c:\users\iet-1260\source\repos\coffee_machine\coffee_machine\x64\debug\coffee_machine.tlog\link.read.1.tlog
c:\users\iet-1260\source\repos\coffee_machine\coffee_machine\x64\debug\coffee_machine.tlog\link.write.1.tlog
